2020-03-10 11:16:22,397 INFO o.a.j.u.JMeterUtils: Setting Locale to en_EN
2020-03-10 11:16:22,438 INFO o.a.j.JMeter: Loading user properties from: /usr/local/Cellar/jmeter/5.2.1/libexec/bin/user.properties
2020-03-10 11:16:22,441 INFO o.a.j.JMeter: Loading system properties from: /usr/local/Cellar/jmeter/5.2.1/libexec/bin/system.properties
2020-03-10 11:16:22,442 INFO o.a.j.JMeter: Copyright (c) 1998-2019 The Apache Software Foundation
2020-03-10 11:16:22,442 INFO o.a.j.JMeter: Version 5.2.1
2020-03-10 11:16:22,442 INFO o.a.j.JMeter: java.version=13.0.1
2020-03-10 11:16:22,442 INFO o.a.j.JMeter: java.vm.name=OpenJDK 64-Bit Server VM
2020-03-10 11:16:22,442 INFO o.a.j.JMeter: os.name=Mac OS X
2020-03-10 11:16:22,442 INFO o.a.j.JMeter: os.arch=x86_64
2020-03-10 11:16:22,443 INFO o.a.j.JMeter: os.version=10.14.5
2020-03-10 11:16:22,443 INFO o.a.j.JMeter: file.encoding=UTF-8
2020-03-10 11:16:22,443 INFO o.a.j.JMeter: java.awt.headless=null
2020-03-10 11:16:22,443 INFO o.a.j.JMeter: Max memory     =1073741824
2020-03-10 11:16:22,443 INFO o.a.j.JMeter: Available Processors =12
2020-03-10 11:16:22,453 INFO o.a.j.JMeter: Default Locale=English (EN)
2020-03-10 11:16:22,453 INFO o.a.j.JMeter: JMeter  Locale=English (EN)
2020-03-10 11:16:22,453 INFO o.a.j.JMeter: JMeterHome=/usr/local/Cellar/jmeter/5.2.1/libexec
2020-03-10 11:16:22,453 INFO o.a.j.JMeter: user.dir  =/Users/christopher.grimward/Development/repo/performanceTesting
2020-03-10 11:16:22,453 INFO o.a.j.JMeter: PWD       =/Users/christopher.grimward/Development/repo/performanceTesting
2020-03-10 11:16:22,486 INFO o.a.j.JMeter: IP: 10.255.239.51 Name: MAC4316 FullName: 10.255.239.51
2020-03-10 11:16:25,703 INFO o.a.j.g.a.LookAndFeelCommand: Installing Darcula LAF
2020-03-10 11:16:25,709 INFO o.a.j.g.a.LookAndFeelCommand: Using look and feel: javax.swing.plaf.nimbus.NimbusLookAndFeel [Darcula]
2020-03-10 11:16:25,709 INFO o.a.j.JMeter: Setting LAF to: javax.swing.plaf.nimbus.NimbusLookAndFeel
2020-03-10 11:16:25,757 INFO o.a.j.JMeter: Loaded icon properties from org/apache/jmeter/images/icon.properties
2020-03-10 11:16:26,355 INFO o.j.r.JARSourceHTTP: Requesting https://jmeter-plugins.org/repo/?installID=mac_os_x-e378355e0b08da882b4ac50f10b017d3-gui
2020-03-10 11:16:28,070 INFO o.a.j.p.h.s.HTTPSamplerBase: Parser for text/html is org.apache.jmeter.protocol.http.parser.LagartoBasedHtmlParser
2020-03-10 11:16:28,070 INFO o.a.j.p.h.s.HTTPSamplerBase: Parser for application/xhtml+xml is org.apache.jmeter.protocol.http.parser.LagartoBasedHtmlParser
2020-03-10 11:16:28,070 INFO o.a.j.p.h.s.HTTPSamplerBase: Parser for application/xml is org.apache.jmeter.protocol.http.parser.LagartoBasedHtmlParser
2020-03-10 11:16:28,070 INFO o.a.j.p.h.s.HTTPSamplerBase: Parser for text/xml is org.apache.jmeter.protocol.http.parser.LagartoBasedHtmlParser
2020-03-10 11:16:28,070 INFO o.a.j.p.h.s.HTTPSamplerBase: Parser for text/vnd.wap.wml is org.apache.jmeter.protocol.http.parser.RegexpHTMLParser
2020-03-10 11:16:28,070 INFO o.a.j.p.h.s.HTTPSamplerBase: Parser for text/css is org.apache.jmeter.protocol.http.parser.CssParser
2020-03-10 11:16:28,088 INFO o.j.r.PluginManager: Plugins Status: [jpgc-plugins-manager=1.3, jmeter-core=5.2.1, jmeter-ftp=5.2.1, jmeter-http=5.2.1, jmeter-jdbc=5.2.1, jmeter-jms=5.2.1, jmeter-junit=5.2.1, jmeter-java=5.2.1, jmeter-ldap=5.2.1, jmeter-mail=5.2.1, jmeter-mongodb=5.2.1, jmeter-native=5.2.1, jmeter-tcp=5.2.1, jmeter-components=5.2.1]
2020-03-10 11:16:28,330 INFO o.a.j.e.KeyToolUtils: keytool found at 'keytool'
2020-03-10 11:16:28,331 INFO o.a.j.p.h.p.ProxyControl: HTTP(S) Test Script Recorder SSL Proxy will use keys that support embedded 3rd party resources in file /usr/local/Cellar/jmeter/5.2.1/libexec/bin/proxyserver.jks
2020-03-10 11:16:28,441 INFO o.a.j.s.FileServer: Default base='/Users/christopher.grimward/Development/repo/performanceTesting'
2020-03-10 11:16:28,714 INFO o.a.j.s.SampleResult: Note: Sample TimeStamps are START times
2020-03-10 11:16:28,714 INFO o.a.j.s.SampleResult: sampleresult.default.encoding is set to ISO-8859-1
2020-03-10 11:16:28,714 INFO o.a.j.s.SampleResult: sampleresult.useNanoTime=true
2020-03-10 11:16:28,715 INFO o.a.j.s.SampleResult: sampleresult.nanoThreadSleep=5000
2020-03-10 11:16:28,731 INFO o.a.j.v.ViewResultsFullVisualizer: Add JavaFX to your Java installation if you want to use renderer: org.apache.jmeter.visualizers.RenderInBrowser
2020-03-10 11:16:42,323 INFO o.a.j.g.a.Load: Loading file: /Users/christopher.grimward/Development/repo/performanceTesting/src/test/resources/jmeter/My_First_Performance_Test.jmx
2020-03-10 11:16:42,323 INFO o.a.j.s.FileServer: Set new base='/Users/christopher.grimward/Development/repo/performanceTesting/src/test/resources/jmeter'
2020-03-10 11:16:42,428 INFO o.a.j.s.SaveService: Testplan (JMX) version: 2.2. Testlog (JTL) version: 2.2
2020-03-10 11:16:42,434 INFO o.a.j.s.SaveService: Using SaveService properties version 5.0
2020-03-10 11:16:42,435 INFO o.a.j.s.SaveService: Using SaveService properties file encoding UTF-8
2020-03-10 11:16:42,437 INFO o.a.j.s.SaveService: Loading file: /Users/christopher.grimward/Development/repo/performanceTesting/src/test/resources/jmeter/My_First_Performance_Test.jmx
2020-03-10 11:16:42,577 INFO o.a.j.v.ViewResultsFullVisualizer: Add JavaFX to your Java installation if you want to use renderer: org.apache.jmeter.visualizers.RenderInBrowser
2020-03-10 11:16:42,618 INFO o.a.j.s.FileServer: Set new base='/Users/christopher.grimward/Development/repo/performanceTesting/src/test/resources/jmeter'
